Linked: (/home/kyrixn/ros_epp/devel/.private/catkin/local_setup.zsh, /home/kyrixn/ros_epp/devel/./local_setup.zsh)
Linked: (/home/kyrixn/ros_epp/devel/.private/catkin/setup.zsh, /home/kyrixn/ros_epp/devel/./setup.zsh)
Linked: (/home/kyrixn/ros_epp/devel/.private/catkin/setup.bash, /home/kyrixn/ros_epp/devel/./setup.bash)
Linked: (/home/kyrixn/ros_epp/devel/.private/catkin/local_setup.bash, /home/kyrixn/ros_epp/devel/./local_setup.bash)
Linked: (/home/kyrixn/ros_epp/devel/.private/catkin/setup.sh, /home/kyrixn/ros_epp/devel/./setup.sh)
Linked: (/home/kyrixn/ros_epp/devel/.private/catkin/env.sh, /home/kyrixn/ros_epp/devel/./env.sh)
Linked: (/home/kyrixn/ros_epp/devel/.private/catkin/setup.fish, /home/kyrixn/ros_epp/devel/./setup.fish)
Symlinking /home/kyrixn/ros_epp/devel/./cmake.lock
Could not create symlink `/home/kyrixn/ros_epp/devel/./cmake.lock` referencing `/home/kyrixn/ros_epp/devel/.private/catkin/cmake.lock`
Traceback (most recent call last):
  File "/usr/lib/python3/dist-packages/catkin_tools/execution/stages.py", line 177, in function_proxy
    return function(logger, event_queue, *args, **kwargs)
  File "/usr/lib/python3/dist-packages/catkin_tools/jobs/catkin.py", line 314, in link_devel_products
    os.symlink(source_file, dest_file)
FileExistsError: [Errno 17] File exists: '/home/kyrixn/ros_epp/devel/.private/catkin/cmake.lock' -> '/home/kyrixn/ros_epp/devel/./cmake.lock'

Stage `symlink` failed with arguments:
  package: {'package_format': 3, 'name': 'catkin', 'version': '0.8.10', 'version_compatibility': None, 'description': 'Low-level build system macros and infrastructure for ROS.', 'maintainers': [<catkin_pkg.package.Person object at 0x7f0f1442dac0>, <catkin_pkg.package.Person object at 0x7f0f1442daf0>], 'licenses': ['BSD'], 'urls': [<catkin_pkg.package.Url object at 0x7f0f1442dbb0>, <catkin_pkg.package.Url object at 0x7f0f1442dbe0>, <catkin_pkg.package.Url object at 0x7f0f1442dc40>], 'authors': [<catkin_pkg.package.Person object at 0x7f0f1442dca0>, <catkin_pkg.package.Person object at 0x7f0f1442dd00>, <catkin_pkg.package.Person object at 0x7f0f1442dd60>, <catkin_pkg.package.Person object at 0x7f0f1442ddc0>, <catkin_pkg.package.Person object at 0x7f0f1442de20>, <catkin_pkg.package.Person object at 0x7f0f1442de80>], 'build_depends': [Dependency(name='python-argparse', condition='$ROS_PYTHON_VERSION == 2', evaluated_condition=False), Dependency(name='python-catkin-pkg', version_gt='0.4.3', condition='$ROS_PYTHON_VERSION == 2', evaluated_condition=False), Dependency(name='python3-catkin-pkg', version_gt='0.4.3', condition='$ROS_PYTHON_VERSION == 3', evaluated_condition=True), Dependency(name='python-empy', condition='$ROS_PYTHON_VERSION == 2', evaluated_condition=False), Dependency(name='python3-empy', condition='$ROS_PYTHON_VERSION == 3', evaluated_condition=True)], 'buildtool_depends': [Dependency(name='cmake', evaluated_condition=True), Dependency(name='python-setuptools', condition='$ROS_PYTHON_VERSION == 2', evaluated_condition=False), Dependency(name='python3-setuptools', condition='$ROS_PYTHON_VERSION == 3', evaluated_condition=True)], 'build_export_depends': [Dependency(name='google-mock', evaluated_condition=True), Dependency(name='gtest', evaluated_condition=True), Dependency(name='python-nose', condition='$ROS_PYTHON_VERSION == 2', evaluated_condition=False), Dependency(name='python3-nose', condition='$ROS_PYTHON_VERSION == 3', evaluated_condition=True), Dependency(name='python-argparse', condition='$ROS_PYTHON_VERSION == 2', evaluated_condition=False), Dependency(name='python-catkin-pkg', version_gt='0.4.3', condition='$ROS_PYTHON_VERSION == 2', evaluated_condition=False), Dependency(name='python3-catkin-pkg', version_gt='0.4.3', condition='$ROS_PYTHON_VERSION == 3', evaluated_condition=True), Dependency(name='python-empy', condition='$ROS_PYTHON_VERSION == 2', evaluated_condition=False), Dependency(name='python3-empy', condition='$ROS_PYTHON_VERSION == 3', evaluated_condition=True)], 'buildtool_export_depends': [Dependency(name='cmake', evaluated_condition=True), Dependency(name='python3-setuptools', condition='$ROS_PYTHON_VERSION == 3', evaluated_condition=True)], 'exec_depends': [Dependency(name='python-argparse', condition='$ROS_PYTHON_VERSION == 2', evaluated_condition=False), Dependency(name='python-catkin-pkg', version_gt='0.4.3', condition='$ROS_PYTHON_VERSION == 2', evaluated_condition=False), Dependency(name='python3-catkin-pkg', version_gt='0.4.3', condition='$ROS_PYTHON_VERSION == 3', evaluated_condition=True), Dependency(name='python-empy', condition='$ROS_PYTHON_VERSION == 2', evaluated_condition=False), Dependency(name='python3-empy', condition='$ROS_PYTHON_VERSION == 3', evaluated_condition=True)], 'test_depends': [Dependency(name='python-mock', condition='$ROS_PYTHON_VERSION == 2', evaluated_condition=False), Dependency(name='python3-mock', condition='$ROS_PYTHON_VERSION == 3', evaluated_condition=True), Dependency(name='python-nose', condition='$ROS_PYTHON_VERSION == 2', evaluated_condition=False), Dependency(name='python3-nose', condition='$ROS_PYTHON_VERSION == 3', evaluated_condition=True)], 'doc_depends': [], 'conflicts': [], 'replaces': [], 'group_depends': [], 'member_of_groups': [], 'exports': [<catkin_pkg.package.Export object at 0x7f0f1443e200>, <catkin_pkg.package.Export object at 0x7f0f1443e380>], 'filename': '/home/kyrixn/ros_epp/src/catkin/package.xml'}
  package_path: catkin
  devel_manifest_path: /home/kyrixn/ros_epp/.catkin_tools/profiles/default/packages/catkin
  source_devel_path: /home/kyrixn/ros_epp/devel/.private/catkin
  dest_devel_path: /home/kyrixn/ros_epp/devel
  metadata_path: /home/kyrixn/ros_epp/.catkin_tools/profiles/default
  prebuild: True
