CMake Warning (dev) at CMakeLists.txt:2 (project):
  Policy CMP0048 is not set: project() command manages VERSION variables.
  Run "cmake --help-policy CMP0048" for policy details.  Use the cmake_policy
  command to set the policy and suppress this warning.

  The following variable(s) would be set to empty:

    CMAKE_PROJECT_VERSION
    CMAKE_PROJECT_VERSION_MAJOR
    CMAKE_PROJECT_VERSION_MINOR
    CMAKE_PROJECT_VERSION_PATCH
This warning is for project developers.  Use -Wno-dev to suppress it.

[33m[1mCMake Warning[0m at /usr/share/cmake-3.16/Modules/FindQt4.cmake:618 (message):
  /usr/bin/qmake-qt4 reported QT_INSTALL_LIBS as "/usr/lib/x86_64-linux-gnu"
  but QtCore could not be found there.  Qt is NOT installed correctly for the
  target build environment.
[36mCall Stack (most recent call first):[0m
  CMakeLists.txt:12 (find_package)


[31m[1mCMake Error[0m at /usr/share/cmake-3.16/Modules/FindQt4.cmake:626 (message):
  Could NOT find QtCore.  Check
  /home/kyrixn/ros_epp/build/hector_geotiff/CMakeFiles/CMakeError.log for
  more details.
[36mCall Stack (most recent call first):[0m
  CMakeLists.txt:12 (find_package)


