Not searching for unused variables given on the command line.
CMake Warning (dev) at CMakeLists.txt:2 (project):
  Policy CMP0048 is not set: project() command manages VERSION variables.
  Run "cmake --help-policy CMP0048" for policy details.  Use the cmake_policy
  command to set the policy and suppress this warning.

  The following variable(s) would be set to empty:

    CMAKE_PROJECT_VERSION
    CMAKE_PROJECT_VERSION_MAJOR
    CMAKE_PROJECT_VERSION_MINOR
    CMAKE_PROJECT_VERSION_PATCH
This warning is for project developers.  Use -Wno-dev to suppress it.

[36m--[0m Using CATKIN_DEVEL_PREFIX: /home/kyrixn/ros_epp/devel/.private/hector_geotiff
[36m--[0m Using CMAKE_PREFIX_PATH: /home/kyrixn/ros_epp/devel;/opt/ros/noetic
[36m--[0m This workspace overlays: /home/kyrixn/ros_epp/devel;/opt/ros/noetic
[36m--[0m Found PythonInterp: /usr/bin/python3 (found suitable version "3.8.10", minimum required is "3")
[36m--[0m Using PYTHON_EXECUTABLE: /usr/bin/python3
[36m--[0m Using Debian Python package layout
[36m--[0m Using empy: /usr/lib/python3/dist-packages/em.py
[36m--[0m Using CATKIN_ENABLE_TESTING: ON
[36m--[0m Call enable_testing()
[36m--[0m Using CATKIN_TEST_RESULTS_DIR: /home/kyrixn/ros_epp/build/hector_geotiff/test_results
[36m--[0m Forcing gtest/gmock from source, though one was otherwise available.
[36m--[0m Found gtest sources under '/usr/src/googletest': gtests will be built
[36m--[0m Found gmock sources under '/usr/src/googletest': gmock will be built
[36m--[0m Found PythonInterp: /usr/bin/python3 (found version "3.8.10")
[36m--[0m Using Python nosetests: /usr/bin/nosetests3
[36m--[0m catkin 0.8.10
[36m--[0m BUILD_SHARED_LIBS is on
[36m--[0m Using these message generators: gencpp;geneus;genlisp;gennodejs;genpy
[33m[1mCMake Warning[0m at /usr/share/cmake-3.16/Modules/FindQt4.cmake:618 (message):
  /usr/bin/qmake-qt4 reported QT_INSTALL_LIBS as "/usr/lib/x86_64-linux-gnu"
  but QtCore could not be found there.  Qt is NOT installed correctly for the
  target build environment.
[36mCall Stack (most recent call first):[0m
  CMakeLists.txt:12 (find_package)


[31m[1mCMake Error[0m at /usr/share/cmake-3.16/Modules/FindQt4.cmake:626 (message):
  Could NOT find QtCore.  Check
  /home/kyrixn/ros_epp/build/hector_geotiff/CMakeFiles/CMakeError.log for
  more details.
[36mCall Stack (most recent call first):[0m
  CMakeLists.txt:12 (find_package)


[36m--[0m Configuring incomplete, errors occurred!
See also "/home/kyrixn/ros_epp/build/hector_geotiff/CMakeFiles/CMakeOutput.log".
See also "/home/kyrixn/ros_epp/build/hector_geotiff/CMakeFiles/CMakeError.log".
