CMake Warning (dev) at CMakeLists.txt:2 (project):
  Policy CMP0048 is not set: project() command manages VERSION variables.
  Run "cmake --help-policy CMP0048" for policy details.  Use the cmake_policy
  command to set the policy and suppress this warning.

  The following variable(s) would be set to empty:

    CMAKE_PROJECT_VERSION
    CMAKE_PROJECT_VERSION_MAJOR
    CMAKE_PROJECT_VERSION_MINOR
    CMAKE_PROJECT_VERSION_PATCH
This warning is for project developers.  Use -Wno-dev to suppress it.

[31m[1mCMake Error[0m at /usr/lib/x86_64-linux-gnu/cmake/Boost-1.71.0/BoostConfig.cmake:117 (find_package):
  Could not find a package configuration file provided by "boost_signals"
  (requested version 1.71.0) with any of the following names:

    boost_signalsConfig.cmake
    boost_signals-config.cmake

  Add the installation prefix of "boost_signals" to CMAKE_PREFIX_PATH or set
  "boost_signals_DIR" to a directory containing one of the above files.  If
  "boost_signals" provides a separate development package or SDK, be sure it
  has been installed.
[36mCall Stack (most recent call first):[0m
  /usr/lib/x86_64-linux-gnu/cmake/Boost-1.71.0/BoostConfig.cmake:182 (boost_find_component)
  /usr/share/cmake-3.16/Modules/FindBoost.cmake:443 (find_package)
  CMakeLists.txt:10 (find_package)


